#! /c/Source/iverilog-install/bin/vvp
:ivl_version "12.0 (devel)" "(s20150603-1539-g2693dd32b)";
:ivl_delay_selection "TYPICAL";
:vpi_time_precision + 0;
:vpi_module "C:\iverilog\lib\ivl\system.vpi";
:vpi_module "C:\iverilog\lib\ivl\vhdl_sys.vpi";
:vpi_module "C:\iverilog\lib\ivl\vhdl_textio.vpi";
:vpi_module "C:\iverilog\lib\ivl\v2005_math.vpi";
:vpi_module "C:\iverilog\lib\ivl\va_math.vpi";
S_00000263947f44e0 .scope module, "cache" "cache" 2 1;
 .timescale 0 0;
P_0000026394847110 .param/l "blockOffset_bits" 0 2 4, +C4<00000000000000000000000000000011>;
P_0000026394847148 .param/l "input_way_no" 0 2 4, +C4<00000000000000000000000000000100>;
P_0000026394847180 .param/l "no_of_requests" 0 2 4, +C4<00000000000000010000011010100011>;
P_00000263948471b8 .param/l "set_no_bits" 0 2 4, +C4<00000000000000000000000000000011>;
P_00000263948471f0 .param/l "tag_size" 0 2 11, +C4<0000000000000000000000000000010010>;
P_0000026394847228 .param/l "total_set_no" 0 2 8, +C4<00000000000000000000000000001000>;
L_00000263947efb50 .functor AND 1, v00000263948a2840_0, v00000263948a2e80_0, C4<1>, C4<1>;
v00000263948a2b60_0 .net *"_ivl_2", 0 0, L_00000263947efb50;  1 drivers
v00000263948a25c0_0 .var/i "a", 31 0;
v00000263948a31a0_0 .var "address", 23 0;
v00000263948a22a0 .array "all_queries", 67234 0, 24 0;
v00000263948a2480_0 .var "bhatia_on", 0 0;
v00000263948a2980_0 .var "bit", 0 0;
v00000263948a2660_0 .var "blockToBeReplaced", 3 0;
v00000263948a2700 .array "cache_lru_overhead", 31 0, 3 0;
v00000263948a2ca0 .array "cache_overhead", 31 0, 18 0;
v00000263948a3240_0 .var "callDecode", 0 0;
v00000263948a20c0_0 .var/i "counter_variable", 31 0;
v00000263948a3060_0 .var "counter_variable_bool", 0 0;
v00000263948a2160_0 .var "curr_query", 24 0;
v00000263948a2de0_0 .var/i "file", 31 0;
v00000263948a2520_0 .var "hit", 0 0;
v00000263948a2a20_0 .var "hit_way", 4 0;
v00000263948a2ac0_0 .var/i "hits", 31 0;
v00000263948a1b20_0 .var "incoming_tag", 17 0;
v00000263948a1c60_0 .var/i "line_num", 31 0;
v00000263948a1f80_0 .var/i "misses", 31 0;
v00000263948a2d40_0 .var "processRequest", 0 0;
v00000263948a1e40_0 .var/i "request_num", 31 0;
v00000263948a2e80_0 .var "requests_loaded", 0 0;
v00000263948a27a0_0 .var "setNumber", 2 0;
v00000263948a2f20_0 .var "temp", 3 0;
v00000263948a2840_0 .var "valid_bits_set", 0 0;
v00000263948a2340 .array "whichAlwaysBlocksToCall", 0 15, 0 0;
v00000263948a3100_0 .var "write", 0 0;
E_000002639483e040 .event posedge, v00000263948a3060_0;
v00000263948a2340_15 .array/port v00000263948a2340, 15;
E_000002639483ed00 .event posedge, v00000263948a2340_15;
v00000263948a2340_14 .array/port v00000263948a2340, 14;
E_000002639483e680 .event posedge, v00000263948a2340_14;
v00000263948a2340_13 .array/port v00000263948a2340, 13;
E_000002639483e900 .event posedge, v00000263948a2340_13;
v00000263948a2340_12 .array/port v00000263948a2340, 12;
E_000002639483ed40 .event posedge, v00000263948a2340_12;
v00000263948a2340_11 .array/port v00000263948a2340, 11;
E_000002639483e6c0 .event posedge, v00000263948a2340_11;
v00000263948a2340_10 .array/port v00000263948a2340, 10;
E_000002639483e580 .event posedge, v00000263948a2340_10;
v00000263948a2340_9 .array/port v00000263948a2340, 9;
E_000002639483e980 .event posedge, v00000263948a2340_9;
v00000263948a2340_8 .array/port v00000263948a2340, 8;
E_000002639483e380 .event posedge, v00000263948a2340_8;
v00000263948a2340_7 .array/port v00000263948a2340, 7;
E_000002639483ef00 .event posedge, v00000263948a2340_7;
v00000263948a2340_6 .array/port v00000263948a2340, 6;
E_000002639483e700 .event posedge, v00000263948a2340_6;
v00000263948a2340_5 .array/port v00000263948a2340, 5;
E_000002639483e440 .event posedge, v00000263948a2340_5;
v00000263948a2340_4 .array/port v00000263948a2340, 4;
E_000002639483e200 .event posedge, v00000263948a2340_4;
v00000263948a2340_3 .array/port v00000263948a2340, 3;
E_000002639483ed80 .event posedge, v00000263948a2340_3;
v00000263948a2340_2 .array/port v00000263948a2340, 2;
E_000002639483e240 .event posedge, v00000263948a2340_2;
v00000263948a2340_1 .array/port v00000263948a2340, 1;
E_000002639483eb00 .event posedge, v00000263948a2340_1;
v00000263948a2340_0 .array/port v00000263948a2340, 0;
E_000002639483ee00 .event posedge, v00000263948a2340_0;
E_000002639483e480 .event posedge, v00000263948a2d40_0;
E_000002639483ea80 .event posedge, L_00000263947efb50;
S_0000026394846610 .scope begin, "$ivl_for_loop0" "$ivl_for_loop0" 2 21, 2 21 0, S_00000263947f44e0;
 .timescale 0 0;
v0000026394835cd0_0 .var/i "i", 31 0;
S_0000026394845b90 .scope begin, "$ivl_for_loop1" "$ivl_for_loop1" 2 22, 2 22 0, S_0000026394846610;
 .timescale 0 0;
v0000026394835af0_0 .var/i "j", 31 0;
S_0000026394848e00 .scope begin, "$ivl_for_loop2" "$ivl_for_loop2" 2 46, 2 46 0, S_00000263947f44e0;
 .timescale 0 0;
v00000263948359b0_0 .var/i "x", 31 0;
S_0000026394848f90 .scope begin, "$ivl_for_loop3" "$ivl_for_loop3" 2 88, 2 88 0, S_00000263947f44e0;
 .timescale 0 0;
v0000026394835230_0 .var/i "i", 31 0;
S_0000026394899020 .scope begin, "$ivl_for_loop4" "$ivl_for_loop4" 2 261, 2 261 0, S_00000263947f44e0;
 .timescale 0 0;
v00000263948352d0_0 .var/i "i", 31 0;
S_00000263948991b0 .scope begin, "$ivl_for_loop5" "$ivl_for_loop5" 2 263, 2 263 0, S_0000026394899020;
 .timescale 0 0;
v0000026394835b90_0 .var/i "j", 31 0;
S_0000026394899340 .scope function.vec4.s1, "DecodeUnit" "DecodeUnit" 2 59, 2 59 0, S_00000263947f44e0;
 .timescale 0 0;
; Variable DecodeUnit is vec4 return value of scope S_0000026394899340
v0000026394835730_0 .var/i "current_index", 31 0;
TD_cache.DecodeUnit ;
    %ix/getv/s 4, v0000026394835730_0;
    %load/vec4a v00000263948a22a0, 4;
    %store/vec4 v00000263948a2160_0, 0, 25;
    %load/vec4 v00000263948a2160_0;
    %parti/s 1, 24, 6;
    %store/vec4 v00000263948a3100_0, 0, 1;
    %load/vec4 v00000263948a2160_0;
    %parti/s 24, 0, 2;
    %store/vec4 v00000263948a31a0_0, 0, 24;
    %vpi_call 2 66 "$display" {0 0 0};
    %load/vec4 v00000263948a31a0_0;
    %parti/s 3, 3, 3;
    %store/vec4 v00000263948a27a0_0, 0, 3;
    %load/vec4 v00000263948a31a0_0;
    %parti/s 18, 6, 4;
    %store/vec4 v00000263948a1b20_0, 0, 18;
    %pushi/vec4 1, 0, 1;
    %store/vec4 v00000263948a2e80_0, 0, 1;
    %end;
S_00000263948a14e0 .scope function.vec4.s1, "Replacement_Policy" "Replacement_Policy" 2 271, 2 271 0, S_00000263947f44e0;
 .timescale 0 0;
; Variable Replacement_Policy is vec4 return value of scope S_00000263948a14e0
v00000263948a2c00_0 .var "hit", 0 0;
v00000263948a2fc0_0 .var "set_no", 2 0;
v00000263948a3380_0 .var "way_no", 3 0;
TD_cache.Replacement_Policy ;
    %pushi/vec4 0, 0, 1;
    %store/vec4 v00000263948a2980_0, 0, 1;
    %load/vec4 v00000263948a2c00_0;
    %cmpi/e 1, 0, 1;
    %jmp/0xz  T_1.0, 4;
    %fork t_1, S_00000263948a1670;
    %jmp t_0;
    .scope S_00000263948a1670;
t_1 ;
    %pushi/vec4 0, 0, 32;
    %store/vec4 v0000026394835eb0_0, 0, 32;
T_1.2 ;
    %load/vec4 v0000026394835eb0_0;
    %cmpi/s 4, 0, 32;
    %jmp/0xz T_1.3, 5;
    %load/vec4 v00000263948a2980_0;
    %cmpi/e 1, 0, 1;
    %jmp/0xz  T_1.4, 4;
    %load/vec4 v00000263948a2fc0_0;
    %pad/u 8;
    %pad/u 10;
    %muli 4, 0, 10;
    %pad/u 11;
    %load/vec4 v0000026394835eb0_0;
    %pad/s 11;
    %add;
    %ix/vec4 4;
    %load/vec4a v00000263948a2700, 4;
    %load/vec4 v00000263948a2fc0_0;
    %pad/u 8;
    %pad/u 10;
    %muli 4, 0, 10;
    %pad/u 11;
    %load/vec4 v0000026394835eb0_0;
    %subi 1, 0, 32;
    %pad/s 11;
    %add;
    %ix/vec4 4;
    %store/vec4a v00000263948a2700, 4, 0;
T_1.4 ;
    %load/vec4 v00000263948a2fc0_0;
    %pad/u 8;
    %pad/u 10;
    %muli 4, 0, 10;
    %pad/u 11;
    %load/vec4 v0000026394835eb0_0;
    %pad/s 11;
    %add;
    %ix/vec4 4;
    %load/vec4a v00000263948a2700, 4;
    %load/vec4 v00000263948a3380_0;
    %cmp/e;
    %jmp/0xz  T_1.6, 4;
    %pushi/vec4 1, 0, 1;
    %store/vec4 v00000263948a2980_0, 0, 1;
T_1.6 ;
    %load/vec4 v0000026394835eb0_0;
    %addi 1, 0, 32;
    %store/vec4 v0000026394835eb0_0, 0, 32;
    %jmp T_1.2;
T_1.3 ;
    %end;
    .scope S_00000263948a14e0;
t_0 %join;
    %load/vec4 v00000263948a3380_0;
    %load/vec4 v00000263948a2fc0_0;
    %pad/u 8;
    %pad/u 10;
    %muli 4, 0, 10;
    %pad/u 11;
    %pushi/vec4 3, 0, 3;
    %pad/s 11;
    %add;
    %ix/vec4 4;
    %store/vec4a v00000263948a2700, 4, 0;
    %load/vec4 v00000263948a2fc0_0;
    %pad/u 8;
    %pad/u 10;
    %muli 4, 0, 10;
    %ix/vec4 4;
    %load/vec4a v00000263948a2700, 4;
    %pad/u 1;
    %ret/vec4 0, 0, 1;  Assign to Replacement_Policy (store_vec4_to_lval)
    %jmp T_1.1;
T_1.0 ;
    %load/vec4 v00000263948a2fc0_0;
    %pad/u 8;
    %pad/u 10;
    %muli 4, 0, 10;
    %ix/vec4 4;
    %load/vec4a v00000263948a2700, 4;
    %store/vec4 v00000263948a2f20_0, 0, 4;
    %fork t_3, S_00000263948a1800;
    %jmp t_2;
    .scope S_00000263948a1800;
t_3 ;
    %pushi/vec4 1, 0, 32;
    %store/vec4 v0000026394835c30_0, 0, 32;
T_1.8 ;
    %load/vec4 v0000026394835c30_0;
    %cmpi/s 4, 0, 32;
    %jmp/0xz T_1.9, 5;
    %load/vec4 v00000263948a2fc0_0;
    %pad/u 8;
    %pad/u 10;
    %muli 4, 0, 10;
    %pad/u 11;
    %load/vec4 v0000026394835c30_0;
    %pad/s 11;
    %add;
    %ix/vec4 4;
    %load/vec4a v00000263948a2700, 4;
    %load/vec4 v00000263948a2fc0_0;
    %pad/u 8;
    %pad/u 10;
    %muli 4, 0, 10;
    %pad/u 11;
    %load/vec4 v0000026394835c30_0;
    %subi 1, 0, 32;
    %pad/s 11;
    %add;
    %ix/vec4 4;
    %store/vec4a v00000263948a2700, 4, 0;
    %load/vec4 v0000026394835c30_0;
    %addi 1, 0, 32;
    %store/vec4 v0000026394835c30_0, 0, 32;
    %jmp T_1.8;
T_1.9 ;
    %end;
    .scope S_00000263948a14e0;
t_2 %join;
    %load/vec4 v00000263948a2f20_0;
    %load/vec4 v00000263948a2fc0_0;
    %pad/u 8;
    %pad/u 10;
    %muli 4, 0, 10;
    %pad/u 11;
    %pushi/vec4 3, 0, 3;
    %pad/s 11;
    %add;
    %ix/vec4 4;
    %store/vec4a v00000263948a2700, 4, 0;
    %load/vec4 v00000263948a2f20_0;
    %pad/u 1;
    %ret/vec4 0, 0, 1;  Assign to Replacement_Policy (store_vec4_to_lval)
T_1.1 ;
    %end;
S_00000263948a1670 .scope begin, "$ivl_for_loop6" "$ivl_for_loop6" 2 279, 2 279 0, S_00000263948a14e0;
 .timescale 0 0;
v0000026394835eb0_0 .var/i "j", 31 0;
S_00000263948a1800 .scope begin, "$ivl_for_loop7" "$ivl_for_loop7" 2 292, 2 292 0, S_00000263948a14e0;
 .timescale 0 0;
v0000026394835c30_0 .var/i "j", 31 0;
    .scope S_00000263947f44e0;
T_2 ;
    %pushi/vec4 0, 0, 1;
    %store/vec4 v00000263948a3060_0, 0, 1;
    %pushi/vec4 0, 0, 32;
    %store/vec4 v00000263948a2ac0_0, 0, 32;
    %pushi/vec4 0, 0, 32;
    %store/vec4 v00000263948a1f80_0, 0, 32;
    %pushi/vec4 0, 0, 32;
    %store/vec4 v00000263948a20c0_0, 0, 32;
    %pushi/vec4 0, 0, 1;
    %store/vec4 v00000263948a2840_0, 0, 1;
    %pushi/vec4 0, 0, 1;
    %store/vec4 v00000263948a2e80_0, 0, 1;
    %pushi/vec4 0, 0, 1;
    %store/vec4 v00000263948a2d40_0, 0, 1;
    %pushi/vec4 0, 0, 32;
    %store/vec4 v00000263948a1e40_0, 0, 32;
    %end;
    .thread T_2;
    .scope S_00000263947f44e0;
T_3 ;
    %fork t_5, S_0000026394846610;
    %jmp t_4;
    .scope S_0000026394846610;
t_5 ;
    %pushi/vec4 0, 0, 32;
    %store/vec4 v0000026394835cd0_0, 0, 32;
T_3.0 ;
    %load/vec4 v0000026394835cd0_0;
    %cmpi/s 8, 0, 32;
    %jmp/0xz T_3.1, 5;
    %fork t_7, S_0000026394845b90;
    %jmp t_6;
    .scope S_0000026394845b90;
t_7 ;
    %pushi/vec4 0, 0, 32;
    %store/vec4 v0000026394835af0_0, 0, 32;
T_3.2 ;
    %load/vec4 v0000026394835af0_0;
    %cmpi/s 4, 0, 32;
    %jmp/0xz T_3.3, 5;
    %pushi/vec4 0, 0, 1;
    %load/vec4 v0000026394835cd0_0;
    %pad/s 35;
    %pad/s 37;
    %muli 4, 0, 37;
    %pad/s 38;
    %load/vec4 v0000026394835af0_0;
    %pad/s 38;
    %add;
    %ix/vec4/s 4;
    %flag_mov 8, 4;
    %ix/load 5, 0, 0;
    %flag_set/imm 4, 0;
    %flag_or 4, 8;
    %store/vec4a v00000263948a2ca0, 4, 5;
    %load/vec4 v0000026394835af0_0;
    %addi 1, 0, 32;
    %store/vec4 v0000026394835af0_0, 0, 32;
    %jmp T_3.2;
T_3.3 ;
    %end;
    .scope S_0000026394846610;
t_6 %join;
    %load/vec4 v0000026394835cd0_0;
    %addi 1, 0, 32;
    %store/vec4 v0000026394835cd0_0, 0, 32;
    %jmp T_3.0;
T_3.1 ;
    %end;
    .scope S_00000263947f44e0;
t_4 %join;
    %pushi/vec4 1, 0, 1;
    %store/vec4 v00000263948a2840_0, 0, 1;
    %end;
    .thread T_3;
    .scope S_00000263947f44e0;
T_4 ;
    %vpi_func 2 36 "$fopen" 32, "binary_instruction.txt", "r" {0 0 0};
    %store/vec4 v00000263948a2de0_0, 0, 32;
    %pushi/vec4 0, 0, 32;
    %store/vec4 v00000263948a1c60_0, 0, 32;
T_4.0 ;
    %vpi_func 2 38 "$feof" 32, v00000263948a2de0_0 {0 0 0};
    %nor/r;
    %flag_set/vec4 8;
    %jmp/0xz T_4.1, 8;
    %vpi_func 2 41 "$fscanf" 32, v00000263948a2de0_0, "%b", &A<v00000263948a22a0, v00000263948a1c60_0 > {0 0 0};
    %store/vec4 v00000263948a25c0_0, 0, 32;
    %load/vec4 v00000263948a1c60_0;
    %addi 1, 0, 32;
    %store/vec4 v00000263948a1c60_0, 0, 32;
    %jmp T_4.0;
T_4.1 ;
    %pushi/vec4 1, 0, 1;
    %store/vec4 v00000263948a2e80_0, 0, 1;
    %pushi/vec4 0, 0, 1;
    %store/vec4 v00000263948a2520_0, 0, 1;
    %fork t_9, S_0000026394848e00;
    %jmp t_8;
    .scope S_0000026394848e00;
t_9 ;
    %pushi/vec4 0, 0, 32;
    %store/vec4 v00000263948359b0_0, 0, 32;
T_4.2 ;
    %load/vec4 v00000263948359b0_0;
    %cmpi/s 16, 0, 32;
    %jmp/0xz T_4.3, 5;
    %pushi/vec4 0, 0, 1;
    %ix/getv/s 4, v00000263948359b0_0;
    %store/vec4a v00000263948a2340, 4, 0;
    %load/vec4 v00000263948359b0_0;
    %addi 1, 0, 32;
    %store/vec4 v00000263948359b0_0, 0, 32;
    %jmp T_4.2;
T_4.3 ;
    %end;
    .scope S_00000263947f44e0;
t_8 %join;
    %end;
    .thread T_4;
    .scope S_00000263947f44e0;
T_5 ;
    %wait E_000002639483ea80;
    %pushi/vec4 0, 0, 1;
    %store/vec4 v00000263948a2e80_0, 0, 1;
    %pushi/vec4 1, 0, 1;
    %store/vec4 v00000263948a2d40_0, 0, 1;
    %jmp T_5;
    .thread T_5;
    .scope S_00000263947f44e0;
T_6 ;
    %wait E_000002639483e480;
    %pushi/vec4 0, 0, 1;
    %store/vec4 v00000263948a2d40_0, 0, 1;
    %load/vec4 v00000263948a1e40_0;
    %store/vec4 v0000026394835730_0, 0, 32;
    %callf/vec4 TD_cache.DecodeUnit, S_0000026394899340;
    %assign/vec4 v00000263948a3240_0, 0;
    %pushi/vec4 1, 0, 1;
    %store/vec4 v00000263948a2480_0, 0, 1;
    %fork t_11, S_0000026394848f90;
    %jmp t_10;
    .scope S_0000026394848f90;
t_11 ;
    %pushi/vec4 0, 0, 32;
    %store/vec4 v0000026394835230_0, 0, 32;
T_6.0 ;
    %load/vec4 v0000026394835230_0;
    %cmpi/s 4, 0, 32;
    %jmp/0xz T_6.1, 5;
    %pushi/vec4 1, 0, 1;
    %ix/getv/s 4, v0000026394835230_0;
    %store/vec4a v00000263948a2340, 4, 0;
    %load/vec4 v0000026394835230_0;
    %addi 1, 0, 32;
    %store/vec4 v0000026394835230_0, 0, 32;
    %jmp T_6.0;
T_6.1 ;
    %end;
    .scope S_00000263947f44e0;
t_10 %join;
    %jmp T_6;
    .thread T_6;
    .scope S_00000263947f44e0;
T_7 ;
    %wait E_000002639483ee00;
    %load/vec4 v00000263948a1b20_0;
    %load/vec4 v00000263948a27a0_0;
    %pad/u 8;
    %pad/u 10;
    %muli 4, 0, 10;
    %ix/vec4 4;
    %load/vec4a v00000263948a2ca0, 4;
    %parti/s 18, 1, 2;
    %cmp/e;
    %flag_get/vec4 4;
    %jmp/0 T_7.2, 4;
    %load/vec4 v00000263948a27a0_0;
    %pad/u 8;
    %pad/u 10;
    %muli 4, 0, 10;
    %ix/vec4 4;
    %load/vec4a v00000263948a2ca0, 4;
    %parti/s 1, 0, 2;
    %and;
T_7.2;
    %flag_set/vec4 8;
    %jmp/0xz  T_7.0, 8;
    %pushi/vec4 1, 0, 1;
    %store/vec4 v00000263948a2520_0, 0, 1;
    %pushi/vec4 0, 0, 5;
    %store/vec4 v00000263948a2a20_0, 0, 5;
T_7.0 ;
    %pushi/vec4 1, 0, 1;
    %store/vec4 v00000263948a3060_0, 0, 1;
    %jmp T_7;
    .thread T_7;
    .scope S_00000263947f44e0;
T_8 ;
    %wait E_000002639483eb00;
    %load/vec4 v00000263948a1b20_0;
    %load/vec4 v00000263948a27a0_0;
    %pad/u 8;
    %pad/u 10;
    %muli 4, 0, 10;
    %pad/u 11;
    %pushi/vec4 1, 0, 2;
    %pad/s 11;
    %add;
    %ix/vec4 4;
    %load/vec4a v00000263948a2ca0, 4;
    %parti/s 18, 1, 2;
    %cmp/e;
    %flag_get/vec4 4;
    %jmp/0 T_8.2, 4;
    %load/vec4 v00000263948a27a0_0;
    %pad/u 8;
    %pad/u 10;
    %muli 4, 0, 10;
    %pad/u 11;
    %pushi/vec4 1, 0, 2;
    %pad/s 11;
    %add;
    %ix/vec4 4;
    %load/vec4a v00000263948a2ca0, 4;
    %parti/s 1, 0, 2;
    %and;
T_8.2;
    %flag_set/vec4 8;
    %jmp/0xz  T_8.0, 8;
    %pushi/vec4 1, 0, 1;
    %store/vec4 v00000263948a2520_0, 0, 1;
    %pushi/vec4 1, 0, 5;
    %store/vec4 v00000263948a2a20_0, 0, 5;
T_8.0 ;
    %jmp T_8;
    .thread T_8;
    .scope S_00000263947f44e0;
T_9 ;
    %wait E_000002639483e240;
    %load/vec4 v00000263948a1b20_0;
    %load/vec4 v00000263948a27a0_0;
    %pad/u 8;
    %pad/u 10;
    %muli 4, 0, 10;
    %pad/u 11;
    %pushi/vec4 2, 0, 3;
    %pad/s 11;
    %add;
    %ix/vec4 4;
    %load/vec4a v00000263948a2ca0, 4;
    %parti/s 18, 1, 2;
    %cmp/e;
    %flag_get/vec4 4;
    %jmp/0 T_9.2, 4;
    %load/vec4 v00000263948a27a0_0;
    %pad/u 8;
    %pad/u 10;
    %muli 4, 0, 10;
    %pad/u 11;
    %pushi/vec4 2, 0, 3;
    %pad/s 11;
    %add;
    %ix/vec4 4;
    %load/vec4a v00000263948a2ca0, 4;
    %parti/s 1, 0, 2;
    %and;
T_9.2;
    %flag_set/vec4 8;
    %jmp/0xz  T_9.0, 8;
    %pushi/vec4 1, 0, 1;
    %store/vec4 v00000263948a2520_0, 0, 1;
    %pushi/vec4 2, 0, 5;
    %store/vec4 v00000263948a2a20_0, 0, 5;
T_9.0 ;
    %jmp T_9;
    .thread T_9;
    .scope S_00000263947f44e0;
T_10 ;
    %wait E_000002639483ed80;
    %load/vec4 v00000263948a1b20_0;
    %load/vec4 v00000263948a27a0_0;
    %pad/u 8;
    %pad/u 10;
    %muli 4, 0, 10;
    %pad/u 11;
    %pushi/vec4 3, 0, 3;
    %pad/s 11;
    %add;
    %ix/vec4 4;
    %load/vec4a v00000263948a2ca0, 4;
    %parti/s 18, 1, 2;
    %cmp/e;
    %flag_get/vec4 4;
    %jmp/0 T_10.2, 4;
    %load/vec4 v00000263948a27a0_0;
    %pad/u 8;
    %pad/u 10;
    %muli 4, 0, 10;
    %pad/u 11;
    %pushi/vec4 3, 0, 3;
    %pad/s 11;
    %add;
    %ix/vec4 4;
    %load/vec4a v00000263948a2ca0, 4;
    %parti/s 1, 0, 2;
    %and;
T_10.2;
    %flag_set/vec4 8;
    %jmp/0xz  T_10.0, 8;
    %pushi/vec4 1, 0, 1;
    %store/vec4 v00000263948a2520_0, 0, 1;
    %pushi/vec4 3, 0, 5;
    %store/vec4 v00000263948a2a20_0, 0, 5;
T_10.0 ;
    %jmp T_10;
    .thread T_10;
    .scope S_00000263947f44e0;
T_11 ;
    %wait E_000002639483e200;
    %load/vec4 v00000263948a1b20_0;
    %load/vec4 v00000263948a27a0_0;
    %pad/u 8;
    %pad/u 10;
    %muli 4, 0, 10;
    %pad/u 11;
    %pushi/vec4 4, 0, 4;
    %pad/s 11;
    %add;
    %ix/vec4 4;
    %load/vec4a v00000263948a2ca0, 4;
    %parti/s 18, 1, 2;
    %cmp/e;
    %flag_get/vec4 4;
    %jmp/0 T_11.2, 4;
    %load/vec4 v00000263948a27a0_0;
    %pad/u 8;
    %pad/u 10;
    %muli 4, 0, 10;
    %pad/u 11;
    %pushi/vec4 4, 0, 4;
    %pad/s 11;
    %add;
    %ix/vec4 4;
    %load/vec4a v00000263948a2ca0, 4;
    %parti/s 1, 0, 2;
    %and;
T_11.2;
    %flag_set/vec4 8;
    %jmp/0xz  T_11.0, 8;
    %pushi/vec4 1, 0, 1;
    %store/vec4 v00000263948a2520_0, 0, 1;
    %pushi/vec4 4, 0, 5;
    %store/vec4 v00000263948a2a20_0, 0, 5;
T_11.0 ;
    %jmp T_11;
    .thread T_11;
    .scope S_00000263947f44e0;
T_12 ;
    %wait E_000002639483e440;
    %load/vec4 v00000263948a1b20_0;
    %load/vec4 v00000263948a27a0_0;
    %pad/u 8;
    %pad/u 10;
    %muli 4, 0, 10;
    %pad/u 11;
    %pushi/vec4 5, 0, 4;
    %pad/s 11;
    %add;
    %ix/vec4 4;
    %load/vec4a v00000263948a2ca0, 4;
    %parti/s 18, 1, 2;
    %cmp/e;
    %flag_get/vec4 4;
    %jmp/0 T_12.2, 4;
    %load/vec4 v00000263948a27a0_0;
    %pad/u 8;
    %pad/u 10;
    %muli 4, 0, 10;
    %pad/u 11;
    %pushi/vec4 5, 0, 4;
    %pad/s 11;
    %add;
    %ix/vec4 4;
    %load/vec4a v00000263948a2ca0, 4;
    %parti/s 1, 0, 2;
    %and;
T_12.2;
    %flag_set/vec4 8;
    %jmp/0xz  T_12.0, 8;
    %pushi/vec4 1, 0, 1;
    %store/vec4 v00000263948a2520_0, 0, 1;
    %pushi/vec4 5, 0, 5;
    %store/vec4 v00000263948a2a20_0, 0, 5;
T_12.0 ;
    %jmp T_12;
    .thread T_12;
    .scope S_00000263947f44e0;
T_13 ;
    %wait E_000002639483e700;
    %load/vec4 v00000263948a1b20_0;
    %load/vec4 v00000263948a27a0_0;
    %pad/u 8;
    %pad/u 10;
    %muli 4, 0, 10;
    %pad/u 11;
    %pushi/vec4 6, 0, 4;
    %pad/s 11;
    %add;
    %ix/vec4 4;
    %load/vec4a v00000263948a2ca0, 4;
    %parti/s 18, 1, 2;
    %cmp/e;
    %flag_get/vec4 4;
    %jmp/0 T_13.2, 4;
    %load/vec4 v00000263948a27a0_0;
    %pad/u 8;
    %pad/u 10;
    %muli 4, 0, 10;
    %pad/u 11;
    %pushi/vec4 6, 0, 4;
    %pad/s 11;
    %add;
    %ix/vec4 4;
    %load/vec4a v00000263948a2ca0, 4;
    %parti/s 1, 0, 2;
    %and;
T_13.2;
    %flag_set/vec4 8;
    %jmp/0xz  T_13.0, 8;
    %pushi/vec4 1, 0, 1;
    %store/vec4 v00000263948a2520_0, 0, 1;
    %pushi/vec4 6, 0, 5;
    %store/vec4 v00000263948a2a20_0, 0, 5;
T_13.0 ;
    %jmp T_13;
    .thread T_13;
    .scope S_00000263947f44e0;
T_14 ;
    %wait E_000002639483ef00;
    %load/vec4 v00000263948a1b20_0;
    %load/vec4 v00000263948a27a0_0;
    %pad/u 8;
    %pad/u 10;
    %muli 4, 0, 10;
    %pad/u 11;
    %pushi/vec4 7, 0, 4;
    %pad/s 11;
    %add;
    %ix/vec4 4;
    %load/vec4a v00000263948a2ca0, 4;
    %parti/s 18, 1, 2;
    %cmp/e;
    %flag_get/vec4 4;
    %jmp/0 T_14.2, 4;
    %load/vec4 v00000263948a27a0_0;
    %pad/u 8;
    %pad/u 10;
    %muli 4, 0, 10;
    %pad/u 11;
    %pushi/vec4 7, 0, 4;
    %pad/s 11;
    %add;
    %ix/vec4 4;
    %load/vec4a v00000263948a2ca0, 4;
    %parti/s 1, 0, 2;
    %and;
T_14.2;
    %flag_set/vec4 8;
    %jmp/0xz  T_14.0, 8;
    %pushi/vec4 1, 0, 1;
    %store/vec4 v00000263948a2520_0, 0, 1;
    %pushi/vec4 7, 0, 5;
    %store/vec4 v00000263948a2a20_0, 0, 5;
T_14.0 ;
    %jmp T_14;
    .thread T_14;
    .scope S_00000263947f44e0;
T_15 ;
    %wait E_000002639483e380;
    %load/vec4 v00000263948a1b20_0;
    %load/vec4 v00000263948a27a0_0;
    %pad/u 8;
    %pad/u 10;
    %muli 4, 0, 10;
    %pad/u 11;
    %pushi/vec4 8, 0, 5;
    %pad/s 11;
    %add;
    %ix/vec4 4;
    %load/vec4a v00000263948a2ca0, 4;
    %parti/s 18, 1, 2;
    %cmp/e;
    %flag_get/vec4 4;
    %jmp/0 T_15.2, 4;
    %load/vec4 v00000263948a27a0_0;
    %pad/u 8;
    %pad/u 10;
    %muli 4, 0, 10;
    %pad/u 11;
    %pushi/vec4 8, 0, 5;
    %pad/s 11;
    %add;
    %ix/vec4 4;
    %load/vec4a v00000263948a2ca0, 4;
    %parti/s 1, 0, 2;
    %and;
T_15.2;
    %flag_set/vec4 8;
    %jmp/0xz  T_15.0, 8;
    %pushi/vec4 1, 0, 1;
    %store/vec4 v00000263948a2520_0, 0, 1;
    %pushi/vec4 8, 0, 5;
    %store/vec4 v00000263948a2a20_0, 0, 5;
T_15.0 ;
    %jmp T_15;
    .thread T_15;
    .scope S_00000263947f44e0;
T_16 ;
    %wait E_000002639483e980;
    %load/vec4 v00000263948a1b20_0;
    %load/vec4 v00000263948a27a0_0;
    %pad/u 8;
    %pad/u 10;
    %muli 4, 0, 10;
    %pad/u 11;
    %pushi/vec4 9, 0, 5;
    %pad/s 11;
    %add;
    %ix/vec4 4;
    %load/vec4a v00000263948a2ca0, 4;
    %parti/s 18, 1, 2;
    %cmp/e;
    %flag_get/vec4 4;
    %jmp/0 T_16.2, 4;
    %load/vec4 v00000263948a27a0_0;
    %pad/u 8;
    %pad/u 10;
    %muli 4, 0, 10;
    %pad/u 11;
    %pushi/vec4 9, 0, 5;
    %pad/s 11;
    %add;
    %ix/vec4 4;
    %load/vec4a v00000263948a2ca0, 4;
    %parti/s 1, 0, 2;
    %and;
T_16.2;
    %flag_set/vec4 8;
    %jmp/0xz  T_16.0, 8;
    %pushi/vec4 1, 0, 1;
    %store/vec4 v00000263948a2520_0, 0, 1;
    %pushi/vec4 9, 0, 5;
    %store/vec4 v00000263948a2a20_0, 0, 5;
T_16.0 ;
    %jmp T_16;
    .thread T_16;
    .scope S_00000263947f44e0;
T_17 ;
    %wait E_000002639483e580;
    %load/vec4 v00000263948a1b20_0;
    %load/vec4 v00000263948a27a0_0;
    %pad/u 8;
    %pad/u 10;
    %muli 4, 0, 10;
    %pad/u 11;
    %pushi/vec4 10, 0, 5;
    %pad/s 11;
    %add;
    %ix/vec4 4;
    %load/vec4a v00000263948a2ca0, 4;
    %parti/s 18, 1, 2;
    %cmp/e;
    %flag_get/vec4 4;
    %jmp/0 T_17.2, 4;
    %load/vec4 v00000263948a27a0_0;
    %pad/u 8;
    %pad/u 10;
    %muli 4, 0, 10;
    %pad/u 11;
    %pushi/vec4 10, 0, 5;
    %pad/s 11;
    %add;
    %ix/vec4 4;
    %load/vec4a v00000263948a2ca0, 4;
    %parti/s 1, 0, 2;
    %and;
T_17.2;
    %flag_set/vec4 8;
    %jmp/0xz  T_17.0, 8;
    %pushi/vec4 1, 0, 1;
    %store/vec4 v00000263948a2520_0, 0, 1;
    %pushi/vec4 10, 0, 5;
    %store/vec4 v00000263948a2a20_0, 0, 5;
T_17.0 ;
    %jmp T_17;
    .thread T_17;
    .scope S_00000263947f44e0;
T_18 ;
    %wait E_000002639483e6c0;
    %load/vec4 v00000263948a1b20_0;
    %load/vec4 v00000263948a27a0_0;
    %pad/u 8;
    %pad/u 10;
    %muli 4, 0, 10;
    %pad/u 11;
    %pushi/vec4 11, 0, 5;
    %pad/s 11;
    %add;
    %ix/vec4 4;
    %load/vec4a v00000263948a2ca0, 4;
    %parti/s 18, 1, 2;
    %cmp/e;
    %flag_get/vec4 4;
    %jmp/0 T_18.2, 4;
    %load/vec4 v00000263948a27a0_0;
    %pad/u 8;
    %pad/u 10;
    %muli 4, 0, 10;
    %pad/u 11;
    %pushi/vec4 11, 0, 5;
    %pad/s 11;
    %add;
    %ix/vec4 4;
    %load/vec4a v00000263948a2ca0, 4;
    %parti/s 1, 0, 2;
    %and;
T_18.2;
    %flag_set/vec4 8;
    %jmp/0xz  T_18.0, 8;
    %pushi/vec4 1, 0, 1;
    %store/vec4 v00000263948a2520_0, 0, 1;
    %pushi/vec4 11, 0, 5;
    %store/vec4 v00000263948a2a20_0, 0, 5;
T_18.0 ;
    %jmp T_18;
    .thread T_18;
    .scope S_00000263947f44e0;
T_19 ;
    %wait E_000002639483ed40;
    %load/vec4 v00000263948a1b20_0;
    %load/vec4 v00000263948a27a0_0;
    %pad/u 8;
    %pad/u 10;
    %muli 4, 0, 10;
    %pad/u 11;
    %pushi/vec4 12, 0, 5;
    %pad/s 11;
    %add;
    %ix/vec4 4;
    %load/vec4a v00000263948a2ca0, 4;
    %parti/s 18, 1, 2;
    %cmp/e;
    %flag_get/vec4 4;
    %jmp/0 T_19.2, 4;
    %load/vec4 v00000263948a27a0_0;
    %pad/u 8;
    %pad/u 10;
    %muli 4, 0, 10;
    %pad/u 11;
    %pushi/vec4 12, 0, 5;
    %pad/s 11;
    %add;
    %ix/vec4 4;
    %load/vec4a v00000263948a2ca0, 4;
    %parti/s 1, 0, 2;
    %and;
T_19.2;
    %flag_set/vec4 8;
    %jmp/0xz  T_19.0, 8;
    %pushi/vec4 1, 0, 1;
    %store/vec4 v00000263948a2520_0, 0, 1;
    %pushi/vec4 12, 0, 5;
    %store/vec4 v00000263948a2a20_0, 0, 5;
T_19.0 ;
    %jmp T_19;
    .thread T_19;
    .scope S_00000263947f44e0;
T_20 ;
    %wait E_000002639483e900;
    %load/vec4 v00000263948a1b20_0;
    %load/vec4 v00000263948a27a0_0;
    %pad/u 8;
    %pad/u 10;
    %muli 4, 0, 10;
    %pad/u 11;
    %pushi/vec4 13, 0, 5;
    %pad/s 11;
    %add;
    %ix/vec4 4;
    %load/vec4a v00000263948a2ca0, 4;
    %parti/s 18, 1, 2;
    %cmp/e;
    %flag_get/vec4 4;
    %jmp/0 T_20.2, 4;
    %load/vec4 v00000263948a27a0_0;
    %pad/u 8;
    %pad/u 10;
    %muli 4, 0, 10;
    %pad/u 11;
    %pushi/vec4 13, 0, 5;
    %pad/s 11;
    %add;
    %ix/vec4 4;
    %load/vec4a v00000263948a2ca0, 4;
    %parti/s 1, 0, 2;
    %and;
T_20.2;
    %flag_set/vec4 8;
    %jmp/0xz  T_20.0, 8;
    %pushi/vec4 1, 0, 1;
    %store/vec4 v00000263948a2520_0, 0, 1;
    %pushi/vec4 13, 0, 5;
    %store/vec4 v00000263948a2a20_0, 0, 5;
T_20.0 ;
    %jmp T_20;
    .thread T_20;
    .scope S_00000263947f44e0;
T_21 ;
    %wait E_000002639483e680;
    %load/vec4 v00000263948a1b20_0;
    %load/vec4 v00000263948a27a0_0;
    %pad/u 8;
    %pad/u 10;
    %muli 4, 0, 10;
    %pad/u 11;
    %pushi/vec4 14, 0, 5;
    %pad/s 11;
    %add;
    %ix/vec4 4;
    %load/vec4a v00000263948a2ca0, 4;
    %parti/s 18, 1, 2;
    %cmp/e;
    %flag_get/vec4 4;
    %jmp/0 T_21.2, 4;
    %load/vec4 v00000263948a27a0_0;
    %pad/u 8;
    %pad/u 10;
    %muli 4, 0, 10;
    %pad/u 11;
    %pushi/vec4 14, 0, 5;
    %pad/s 11;
    %add;
    %ix/vec4 4;
    %load/vec4a v00000263948a2ca0, 4;
    %parti/s 1, 0, 2;
    %and;
T_21.2;
    %flag_set/vec4 8;
    %jmp/0xz  T_21.0, 8;
    %pushi/vec4 1, 0, 1;
    %store/vec4 v00000263948a2520_0, 0, 1;
    %pushi/vec4 14, 0, 5;
    %store/vec4 v00000263948a2a20_0, 0, 5;
T_21.0 ;
    %jmp T_21;
    .thread T_21;
    .scope S_00000263947f44e0;
T_22 ;
    %wait E_000002639483ed00;
    %load/vec4 v00000263948a1b20_0;
    %load/vec4 v00000263948a27a0_0;
    %pad/u 8;
    %pad/u 10;
    %muli 4, 0, 10;
    %pad/u 11;
    %pushi/vec4 15, 0, 5;
    %pad/s 11;
    %add;
    %ix/vec4 4;
    %load/vec4a v00000263948a2ca0, 4;
    %parti/s 18, 1, 2;
    %cmp/e;
    %flag_get/vec4 4;
    %jmp/0 T_22.2, 4;
    %load/vec4 v00000263948a27a0_0;
    %pad/u 8;
    %pad/u 10;
    %muli 4, 0, 10;
    %pad/u 11;
    %pushi/vec4 15, 0, 5;
    %pad/s 11;
    %add;
    %ix/vec4 4;
    %load/vec4a v00000263948a2ca0, 4;
    %parti/s 1, 0, 2;
    %and;
T_22.2;
    %flag_set/vec4 8;
    %jmp/0xz  T_22.0, 8;
    %pushi/vec4 1, 0, 1;
    %store/vec4 v00000263948a2520_0, 0, 1;
    %pushi/vec4 15, 0, 5;
    %store/vec4 v00000263948a2a20_0, 0, 5;
T_22.0 ;
    %jmp T_22;
    .thread T_22;
    .scope S_00000263947f44e0;
T_23 ;
    %pushi/vec4 0, 0, 1;
    %store/vec4 v00000263948a2980_0, 0, 1;
    %fork t_13, S_0000026394899020;
    %jmp t_12;
    .scope S_0000026394899020;
t_13 ;
    %pushi/vec4 0, 0, 32;
    %store/vec4 v00000263948352d0_0, 0, 32;
T_23.0 ;
    %load/vec4 v00000263948352d0_0;
    %cmpi/s 8, 0, 32;
    %jmp/0xz T_23.1, 5;
    %fork t_15, S_00000263948991b0;
    %jmp t_14;
    .scope S_00000263948991b0;
t_15 ;
    %pushi/vec4 0, 0, 32;
    %store/vec4 v0000026394835b90_0, 0, 32;
T_23.2 ;
    %load/vec4 v0000026394835b90_0;
    %cmpi/s 4, 0, 32;
    %jmp/0xz T_23.3, 5;
    %load/vec4 v0000026394835b90_0;
    %pad/s 4;
    %load/vec4 v00000263948352d0_0;
    %pad/s 35;
    %pad/s 37;
    %muli 4, 0, 37;
    %pad/s 38;
    %load/vec4 v0000026394835b90_0;
    %pad/s 38;
    %add;
    %ix/vec4/s 4;
    %store/vec4a v00000263948a2700, 4, 0;
    %load/vec4 v0000026394835b90_0;
    %addi 1, 0, 32;
    %store/vec4 v0000026394835b90_0, 0, 32;
    %jmp T_23.2;
T_23.3 ;
    %end;
    .scope S_0000026394899020;
t_14 %join;
    %load/vec4 v00000263948352d0_0;
    %addi 1, 0, 32;
    %store/vec4 v00000263948352d0_0, 0, 32;
    %jmp T_23.0;
T_23.1 ;
    %end;
    .scope S_00000263947f44e0;
t_12 %join;
    %end;
    .thread T_23;
    .scope S_00000263947f44e0;
T_24 ;
    %wait E_000002639483e040;
    %pushi/vec4 0, 0, 32;
    %store/vec4 v00000263948a20c0_0, 0, 32;
    %pushi/vec4 0, 0, 1;
    %store/vec4 v00000263948a3060_0, 0, 1;
    %vpi_call 2 310 "$display", "Request number:", v00000263948a1e40_0 {0 0 0};
    %load/vec4 v00000263948a1e40_0;
    %addi 1, 0, 32;
    %store/vec4 v00000263948a1e40_0, 0, 32;
    %vpi_call 2 312 "$display", "Set number is ", v00000263948a27a0_0, " Hit way is ", v00000263948a2a20_0, " Incoming tag is %b", v00000263948a1b20_0 {0 0 0};
    %vpi_call 2 313 "$display", "hit:", v00000263948a2520_0 {0 0 0};
    %pushi/vec4 0, 0, 1;
    %store/vec4 v00000263948a2480_0, 0, 1;
    %load/vec4 v00000263948a2520_0;
    %cmpi/e 1, 0, 1;
    %jmp/0xz  T_24.0, 4;
    %load/vec4 v00000263948a2ac0_0;
    %addi 1, 0, 32;
    %store/vec4 v00000263948a2ac0_0, 0, 32;
    %vpi_call 2 317 "$display", "It's a hit. Number of hits now are: %0d", v00000263948a2ac0_0 {0 0 0};
    %load/vec4 v00000263948a27a0_0;
    %load/vec4 v00000263948a2a20_0;
    %pushi/vec4 1, 0, 1;
    %store/vec4 v00000263948a2c00_0, 0, 1;
    %store/vec4 v00000263948a3380_0, 0, 4;
    %store/vec4 v00000263948a2fc0_0, 0, 3;
    %callf/vec4 TD_cache.Replacement_Policy, S_00000263948a14e0;
    %pad/u 4;
    %assign/vec4 v00000263948a2660_0, 0;
    %load/vec4 v00000263948a3100_0;
    %cmpi/e 1, 0, 1;
    %jmp/0xz  T_24.2, 4;
    %vpi_call 2 321 "$display", "Data is written. Write Hit request is served" {0 0 0};
    %load/vec4 v00000263948a27a0_0;
    %pad/u 8;
    %pad/u 10;
    %muli 4, 0, 10;
    %pad/u 11;
    %load/vec4 v00000263948a2a20_0;
    %pad/u 11;
    %add;
    %ix/vec4 4;
    %load/vec4a v00000263948a2ca0, 4;
    %vpi_call 2 322 "$display", "Cache write hit block %b", S<0,vec4,u19> {1 0 0};
    %pushi/vec4 1, 0, 1;
    %store/vec4 v00000263948a2d40_0, 0, 1;
    %jmp T_24.3;
T_24.2 ;
    %load/vec4 v00000263948a27a0_0;
    %pad/u 8;
    %pad/u 10;
    %muli 4, 0, 10;
    %pad/u 11;
    %load/vec4 v00000263948a2a20_0;
    %pad/u 11;
    %add;
    %ix/vec4 4;
    %load/vec4a v00000263948a2ca0, 4;
    %vpi_call 2 327 "$display", "Read data is %b\012Read Hit request is served", S<0,vec4,u19> {1 0 0};
    %pushi/vec4 1, 0, 1;
    %store/vec4 v00000263948a2d40_0, 0, 1;
T_24.3 ;
    %pushi/vec4 0, 0, 1;
    %store/vec4 v00000263948a2520_0, 0, 1;
    %jmp T_24.1;
T_24.0 ;
    %load/vec4 v00000263948a1f80_0;
    %addi 1, 0, 32;
    %store/vec4 v00000263948a1f80_0, 0, 32;
    %vpi_call 2 334 "$display", "Its a miss. Number of misses now are: %0d", v00000263948a1f80_0 {0 0 0};
    %load/vec4 v00000263948a27a0_0;
    %load/vec4 v00000263948a2a20_0;
    %pushi/vec4 0, 0, 1;
    %store/vec4 v00000263948a2c00_0, 0, 1;
    %store/vec4 v00000263948a3380_0, 0, 4;
    %store/vec4 v00000263948a2fc0_0, 0, 3;
    %callf/vec4 TD_cache.Replacement_Policy, S_00000263948a14e0;
    %pad/u 4;
    %assign/vec4 v00000263948a2660_0, 0;
    %vpi_call 2 336 "$display", "block to be replaced: ", v00000263948a2f20_0 {0 0 0};
    %pushi/vec4 1, 0, 1;
    %load/vec4 v00000263948a27a0_0;
    %pad/u 8;
    %pad/u 10;
    %muli 4, 0, 10;
    %pad/u 11;
    %load/vec4 v00000263948a2f20_0;
    %pad/u 11;
    %add;
    %ix/vec4 4;
    %flag_mov 8, 4;
    %ix/load 5, 0, 0;
    %flag_set/imm 4, 0;
    %flag_or 4, 8;
    %store/vec4a v00000263948a2ca0, 4, 5;
    %load/vec4 v00000263948a1b20_0;
    %load/vec4 v00000263948a27a0_0;
    %pad/u 8;
    %pad/u 10;
    %muli 4, 0, 10;
    %pad/u 11;
    %load/vec4 v00000263948a2f20_0;
    %pad/u 11;
    %add;
    %ix/vec4 4;
    %flag_mov 8, 4;
    %ix/load 5, 1, 0;
    %flag_set/imm 4, 0;
    %flag_or 4, 8;
    %store/vec4a v00000263948a2ca0, 4, 5;
    %vpi_call 2 340 "$display", "Set number: ", v00000263948a27a0_0, " block to be replaced: ", v00000263948a2f20_0, " tag", v00000263948a1b20_0 {0 0 0};
    %load/vec4 v00000263948a27a0_0;
    %pad/u 8;
    %pad/u 10;
    %muli 4, 0, 10;
    %pad/u 11;
    %load/vec4 v00000263948a2f20_0;
    %pad/u 11;
    %add;
    %ix/vec4 4;
    %load/vec4a v00000263948a2ca0, 4;
    %vpi_call 2 341 "$display", "Cache miss block %b", S<0,vec4,u19> {1 0 0};
    %load/vec4 v00000263948a3100_0;
    %cmpi/e 1, 0, 1;
    %jmp/0xz  T_24.4, 4;
    %load/vec4 v00000263948a27a0_0;
    %pad/u 8;
    %pad/u 10;
    %muli 4, 0, 10;
    %pad/u 11;
    %load/vec4 v00000263948a2f20_0;
    %pad/u 11;
    %add;
    %ix/vec4 4;
    %load/vec4a v00000263948a2ca0, 4;
    %vpi_call 2 344 "$display", "Write Miss request is served %b", S<0,vec4,u19> {1 0 0};
    %pushi/vec4 1, 0, 1;
    %store/vec4 v00000263948a2d40_0, 0, 1;
    %jmp T_24.5;
T_24.4 ;
    %vpi_call 2 349 "$display", "Read Miss request is served" {0 0 0};
    %pushi/vec4 1, 0, 1;
    %store/vec4 v00000263948a2d40_0, 0, 1;
T_24.5 ;
T_24.1 ;
    %load/vec4 v00000263948a1e40_0;
    %cmpi/e 67235, 0, 32;
    %jmp/0xz  T_24.6, 4;
    %vpi_call 2 355 "$finish" {0 0 0};
T_24.6 ;
    %jmp T_24;
    .thread T_24;
# The file index is used to find the file name in the following table.
:file_names 3;
    "N/A";
    "<interactive>";
    "finalcode.v";
