#! /c/Source/iverilog-install/bin/vvp
:ivl_version "12.0 (devel)" "(s20150603-1539-g2693dd32b)";
:ivl_delay_selection "TYPICAL";
:vpi_time_precision + 0;
:vpi_module "C:\iverilog\lib\ivl\system.vpi";
:vpi_module "C:\iverilog\lib\ivl\vhdl_sys.vpi";
:vpi_module "C:\iverilog\lib\ivl\vhdl_textio.vpi";
:vpi_module "C:\iverilog\lib\ivl\v2005_math.vpi";
:vpi_module "C:\iverilog\lib\ivl\va_math.vpi";
S_000002cf3a257fb0 .scope module, "cache" "cache" 2 1;
 .timescale 0 0;
P_000002cf3a25c3e0 .param/l "blockOffset_bits" 0 2 4, +C4<00000000000000000000000000000011>;
P_000002cf3a25c418 .param/l "input_way_no" 0 2 4, +C4<00000000000000000000000000000100>;
P_000002cf3a25c450 .param/l "no_of_requests" 0 2 4, +C4<00000000000000000010001101110011>;
P_000002cf3a25c488 .param/l "set_no_bits" 0 2 4, +C4<00000000000000000000000000000011>;
P_000002cf3a25c4c0 .param/l "tag_size" 0 2 11, +C4<0000000000000000000000000000010010>;
P_000002cf3a25c4f8 .param/l "total_set_no" 0 2 8, +C4<00000000000000000000000000001000>;
L_000002cf3a2472d0 .functor AND 1, v000002cf3a2b3530_0, v000002cf3a2b4bb0_0, C4<1>, C4<1>;
v000002cf3a2b3130_0 .net *"_ivl_2", 0 0, L_000002cf3a2472d0;  1 drivers
v000002cf3a2b2cd0_0 .var/i "a", 31 0;
v000002cf3a2b3090_0 .var "address", 23 0;
v000002cf3a2b2870 .array "all_queries", 9074 0, 24 0;
v000002cf3a2b2ff0_0 .var "bhatia_on", 0 0;
v000002cf3a2b2550_0 .var "bit", 0 0;
v000002cf3a2b25f0_0 .var "blockToBeReplaced", 3 0;
v000002cf3a2b2690 .array "cache_lru_overhead", 31 0, 3 0;
v000002cf3a2b2f50 .array "cache_overhead", 31 0, 18 0;
v000002cf3a2b22d0_0 .var "callDecode", 0 0;
v000002cf3a2b2730_0 .var/i "counter_variable", 31 0;
v000002cf3a2b2910_0 .var "counter_variable_bool", 0 0;
v000002cf3a2b29b0_0 .var "curr_query", 24 0;
v000002cf3a2b31d0_0 .var/i "file", 31 0;
v000002cf3a2b2370_0 .var "hit", 0 0;
v000002cf3a2b2a50_0 .var "hit_way", 4 0;
v000002cf3a2b2af0_0 .var/i "hits", 31 0;
v000002cf3a2b2b90_0 .var "incoming_tag", 17 0;
v000002cf3a2b2c30_0 .var/i "line_num", 31 0;
v000002cf3a2b2d70_0 .var/i "misses", 31 0;
v000002cf3a2b2e10_0 .var "processRequest", 0 0;
v000002cf3a2b2eb0_0 .var/i "request_num", 31 0;
v000002cf3a2b4bb0_0 .var "requests_loaded", 0 0;
v000002cf3a2b3cb0_0 .var "setNumber", 2 0;
v000002cf3a2b3c10_0 .var "temp", 3 0;
v000002cf3a2b3530_0 .var "valid_bits_set", 0 0;
v000002cf3a2b4390_0 .var "write", 0 0;
E_000002cf3a231480 .event posedge, v000002cf3a2b2910_0;
E_000002cf3a231380 .event posedge, v000002cf3a2b2ff0_0;
E_000002cf3a230e80 .event posedge, v000002cf3a2b2e10_0;
E_000002cf3a231600 .event posedge, L_000002cf3a2472d0;
S_000002cf3a25b8e0 .scope begin, "$ivl_for_loop0" "$ivl_for_loop0" 2 21, 2 21 0, S_000002cf3a257fb0;
 .timescale 0 0;
v000002cf3a202e60_0 .var/i "i", 31 0;
S_000002cf3a25ef60 .scope begin, "$ivl_for_loop1" "$ivl_for_loop1" 2 22, 2 22 0, S_000002cf3a25b8e0;
 .timescale 0 0;
v000002cf3a202cf0_0 .var/i "j", 31 0;
S_000002cf3a25f0f0 .scope begin, "$ivl_for_loop2" "$ivl_for_loop2" 2 87, 2 87 0, S_000002cf3a257fb0;
 .timescale 0 0;
v000002cf3a25f280_0 .var/i "p", 31 0;
S_000002cf3a202720 .scope begin, "$ivl_for_loop3" "$ivl_for_loop3" 2 107, 2 107 0, S_000002cf3a257fb0;
 .timescale 0 0;
v000002cf3a25ba70_0 .var/i "i", 31 0;
S_000002cf3a2028b0 .scope begin, "$ivl_for_loop4" "$ivl_for_loop4" 2 109, 2 109 0, S_000002cf3a202720;
 .timescale 0 0;
v000002cf3a259890_0 .var/i "j", 31 0;
S_000002cf3a2b1ba0 .scope function.vec4.s1, "DecodeUnit" "DecodeUnit" 2 54, 2 54 0, S_000002cf3a257fb0;
 .timescale 0 0;
; Variable DecodeUnit is vec4 return value of scope S_000002cf3a2b1ba0
v000002cf3a25c540_0 .var/i "current_index", 31 0;
TD_cache.DecodeUnit ;
    %ix/getv/s 4, v000002cf3a25c540_0;
    %load/vec4a v000002cf3a2b2870, 4;
    %store/vec4 v000002cf3a2b29b0_0, 0, 25;
    %load/vec4 v000002cf3a2b29b0_0;
    %parti/s 1, 24, 6;
    %store/vec4 v000002cf3a2b4390_0, 0, 1;
    %load/vec4 v000002cf3a2b29b0_0;
    %parti/s 24, 0, 2;
    %store/vec4 v000002cf3a2b3090_0, 0, 24;
    %vpi_call 2 61 "$display" {0 0 0};
    %load/vec4 v000002cf3a2b3090_0;
    %parti/s 3, 3, 3;
    %store/vec4 v000002cf3a2b3cb0_0, 0, 3;
    %load/vec4 v000002cf3a2b3090_0;
    %parti/s 18, 6, 4;
    %store/vec4 v000002cf3a2b2b90_0, 0, 18;
    %pushi/vec4 1, 0, 1;
    %store/vec4 v000002cf3a2b4bb0_0, 0, 1;
    %end;
S_000002cf3a2b1d30 .scope function.vec4.s1, "Replacement_Policy" "Replacement_Policy" 2 117, 2 117 0, S_000002cf3a257fb0;
 .timescale 0 0;
; Variable Replacement_Policy is vec4 return value of scope S_000002cf3a2b1d30
v000002cf3a2b2410_0 .var "hit", 0 0;
v000002cf3a2b24b0_0 .var "set_no", 2 0;
v000002cf3a2b27d0_0 .var "way_no", 3 0;
TD_cache.Replacement_Policy ;
    %pushi/vec4 0, 0, 1;
    %store/vec4 v000002cf3a2b2550_0, 0, 1;
    %load/vec4 v000002cf3a2b2410_0;
    %cmpi/e 1, 0, 1;
    %jmp/0xz  T_1.0, 4;
    %fork t_1, S_000002cf3a2b1ec0;
    %jmp t_0;
    .scope S_000002cf3a2b1ec0;
t_1 ;
    %pushi/vec4 0, 0, 32;
    %store/vec4 v000002cf3a202a40_0, 0, 32;
T_1.2 ;
    %load/vec4 v000002cf3a202a40_0;
    %cmpi/s 4, 0, 32;
    %jmp/0xz T_1.3, 5;
    %load/vec4 v000002cf3a2b2550_0;
    %cmpi/e 1, 0, 1;
    %jmp/0xz  T_1.4, 4;
    %load/vec4 v000002cf3a2b24b0_0;
    %pad/u 8;
    %pad/u 10;
    %muli 4, 0, 10;
    %pad/u 11;
    %load/vec4 v000002cf3a202a40_0;
    %pad/s 11;
    %add;
    %ix/vec4 4;
    %load/vec4a v000002cf3a2b2690, 4;
    %load/vec4 v000002cf3a2b24b0_0;
    %pad/u 8;
    %pad/u 10;
    %muli 4, 0, 10;
    %pad/u 11;
    %load/vec4 v000002cf3a202a40_0;
    %subi 1, 0, 32;
    %pad/s 11;
    %add;
    %ix/vec4 4;
    %store/vec4a v000002cf3a2b2690, 4, 0;
T_1.4 ;
    %load/vec4 v000002cf3a2b24b0_0;
    %pad/u 8;
    %pad/u 10;
    %muli 4, 0, 10;
    %pad/u 11;
    %load/vec4 v000002cf3a202a40_0;
    %pad/s 11;
    %add;
    %ix/vec4 4;
    %load/vec4a v000002cf3a2b2690, 4;
    %load/vec4 v000002cf3a2b27d0_0;
    %cmp/e;
    %jmp/0xz  T_1.6, 4;
    %pushi/vec4 1, 0, 1;
    %store/vec4 v000002cf3a2b2550_0, 0, 1;
T_1.6 ;
    %load/vec4 v000002cf3a202a40_0;
    %addi 1, 0, 32;
    %store/vec4 v000002cf3a202a40_0, 0, 32;
    %jmp T_1.2;
T_1.3 ;
    %end;
    .scope S_000002cf3a2b1d30;
t_0 %join;
    %load/vec4 v000002cf3a2b27d0_0;
    %load/vec4 v000002cf3a2b24b0_0;
    %pad/u 8;
    %pad/u 10;
    %muli 4, 0, 10;
    %pad/u 11;
    %pushi/vec4 3, 0, 3;
    %pad/s 11;
    %add;
    %ix/vec4 4;
    %store/vec4a v000002cf3a2b2690, 4, 0;
    %load/vec4 v000002cf3a2b24b0_0;
    %pad/u 8;
    %pad/u 10;
    %muli 4, 0, 10;
    %ix/vec4 4;
    %load/vec4a v000002cf3a2b2690, 4;
    %pad/u 1;
    %ret/vec4 0, 0, 1;  Assign to Replacement_Policy (store_vec4_to_lval)
    %jmp T_1.1;
T_1.0 ;
    %load/vec4 v000002cf3a2b24b0_0;
    %pad/u 8;
    %pad/u 10;
    %muli 4, 0, 10;
    %ix/vec4 4;
    %load/vec4a v000002cf3a2b2690, 4;
    %store/vec4 v000002cf3a2b3c10_0, 0, 4;
    %fork t_3, S_000002cf3a2b2050;
    %jmp t_2;
    .scope S_000002cf3a2b2050;
t_3 ;
    %pushi/vec4 1, 0, 32;
    %store/vec4 v000002cf3a202ae0_0, 0, 32;
T_1.8 ;
    %load/vec4 v000002cf3a202ae0_0;
    %cmpi/s 4, 0, 32;
    %jmp/0xz T_1.9, 5;
    %load/vec4 v000002cf3a2b24b0_0;
    %pad/u 8;
    %pad/u 10;
    %muli 4, 0, 10;
    %pad/u 11;
    %load/vec4 v000002cf3a202ae0_0;
    %pad/s 11;
    %add;
    %ix/vec4 4;
    %load/vec4a v000002cf3a2b2690, 4;
    %load/vec4 v000002cf3a2b24b0_0;
    %pad/u 8;
    %pad/u 10;
    %muli 4, 0, 10;
    %pad/u 11;
    %load/vec4 v000002cf3a202ae0_0;
    %subi 1, 0, 32;
    %pad/s 11;
    %add;
    %ix/vec4 4;
    %store/vec4a v000002cf3a2b2690, 4, 0;
    %load/vec4 v000002cf3a202ae0_0;
    %addi 1, 0, 32;
    %store/vec4 v000002cf3a202ae0_0, 0, 32;
    %jmp T_1.8;
T_1.9 ;
    %end;
    .scope S_000002cf3a2b1d30;
t_2 %join;
    %load/vec4 v000002cf3a2b3c10_0;
    %load/vec4 v000002cf3a2b24b0_0;
    %pad/u 8;
    %pad/u 10;
    %muli 4, 0, 10;
    %pad/u 11;
    %pushi/vec4 3, 0, 3;
    %pad/s 11;
    %add;
    %ix/vec4 4;
    %store/vec4a v000002cf3a2b2690, 4, 0;
    %load/vec4 v000002cf3a2b3c10_0;
    %pad/u 1;
    %ret/vec4 0, 0, 1;  Assign to Replacement_Policy (store_vec4_to_lval)
T_1.1 ;
    %end;
S_000002cf3a2b1ec0 .scope begin, "$ivl_for_loop5" "$ivl_for_loop5" 2 125, 2 125 0, S_000002cf3a2b1d30;
 .timescale 0 0;
v000002cf3a202a40_0 .var/i "j", 31 0;
S_000002cf3a2b2050 .scope begin, "$ivl_for_loop6" "$ivl_for_loop6" 2 138, 2 138 0, S_000002cf3a2b1d30;
 .timescale 0 0;
v000002cf3a202ae0_0 .var/i "j", 31 0;
    .scope S_000002cf3a257fb0;
T_2 ;
    %pushi/vec4 0, 0, 1;
    %store/vec4 v000002cf3a2b2910_0, 0, 1;
    %pushi/vec4 0, 0, 32;
    %store/vec4 v000002cf3a2b2af0_0, 0, 32;
    %pushi/vec4 0, 0, 32;
    %store/vec4 v000002cf3a2b2d70_0, 0, 32;
    %pushi/vec4 0, 0, 32;
    %store/vec4 v000002cf3a2b2730_0, 0, 32;
    %pushi/vec4 0, 0, 1;
    %store/vec4 v000002cf3a2b3530_0, 0, 1;
    %pushi/vec4 0, 0, 1;
    %store/vec4 v000002cf3a2b4bb0_0, 0, 1;
    %pushi/vec4 0, 0, 1;
    %store/vec4 v000002cf3a2b2e10_0, 0, 1;
    %pushi/vec4 0, 0, 32;
    %store/vec4 v000002cf3a2b2eb0_0, 0, 32;
    %end;
    .thread T_2;
    .scope S_000002cf3a257fb0;
T_3 ;
    %fork t_5, S_000002cf3a25b8e0;
    %jmp t_4;
    .scope S_000002cf3a25b8e0;
t_5 ;
    %pushi/vec4 0, 0, 32;
    %store/vec4 v000002cf3a202e60_0, 0, 32;
T_3.0 ;
    %load/vec4 v000002cf3a202e60_0;
    %cmpi/s 8, 0, 32;
    %jmp/0xz T_3.1, 5;
    %fork t_7, S_000002cf3a25ef60;
    %jmp t_6;
    .scope S_000002cf3a25ef60;
t_7 ;
    %pushi/vec4 0, 0, 32;
    %store/vec4 v000002cf3a202cf0_0, 0, 32;
T_3.2 ;
    %load/vec4 v000002cf3a202cf0_0;
    %cmpi/s 4, 0, 32;
    %jmp/0xz T_3.3, 5;
    %pushi/vec4 0, 0, 1;
    %load/vec4 v000002cf3a202e60_0;
    %pad/s 35;
    %pad/s 37;
    %muli 4, 0, 37;
    %pad/s 38;
    %load/vec4 v000002cf3a202cf0_0;
    %pad/s 38;
    %add;
    %ix/vec4/s 4;
    %flag_mov 8, 4;
    %ix/load 5, 0, 0;
    %flag_set/imm 4, 0;
    %flag_or 4, 8;
    %store/vec4a v000002cf3a2b2f50, 4, 5;
    %load/vec4 v000002cf3a202cf0_0;
    %addi 1, 0, 32;
    %store/vec4 v000002cf3a202cf0_0, 0, 32;
    %jmp T_3.2;
T_3.3 ;
    %end;
    .scope S_000002cf3a25b8e0;
t_6 %join;
    %load/vec4 v000002cf3a202e60_0;
    %addi 1, 0, 32;
    %store/vec4 v000002cf3a202e60_0, 0, 32;
    %jmp T_3.0;
T_3.1 ;
    %end;
    .scope S_000002cf3a257fb0;
t_4 %join;
    %pushi/vec4 1, 0, 1;
    %store/vec4 v000002cf3a2b3530_0, 0, 1;
    %end;
    .thread T_3;
    .scope S_000002cf3a257fb0;
T_4 ;
    %vpi_func 2 35 "$fopen" 32, "binary_instruction.txt", "r" {0 0 0};
    %store/vec4 v000002cf3a2b31d0_0, 0, 32;
    %pushi/vec4 0, 0, 32;
    %store/vec4 v000002cf3a2b2c30_0, 0, 32;
T_4.0 ;
    %vpi_func 2 37 "$feof" 32, v000002cf3a2b31d0_0 {0 0 0};
    %nor/r;
    %flag_set/vec4 8;
    %jmp/0xz T_4.1, 8;
    %vpi_func 2 40 "$fscanf" 32, v000002cf3a2b31d0_0, "%b", &A<v000002cf3a2b2870, v000002cf3a2b2c30_0 > {0 0 0};
    %store/vec4 v000002cf3a2b2cd0_0, 0, 32;
    %load/vec4 v000002cf3a2b2c30_0;
    %addi 1, 0, 32;
    %store/vec4 v000002cf3a2b2c30_0, 0, 32;
    %jmp T_4.0;
T_4.1 ;
    %pushi/vec4 1, 0, 1;
    %store/vec4 v000002cf3a2b4bb0_0, 0, 1;
    %pushi/vec4 0, 0, 1;
    %store/vec4 v000002cf3a2b2370_0, 0, 1;
    %end;
    .thread T_4;
    .scope S_000002cf3a257fb0;
T_5 ;
    %wait E_000002cf3a231600;
    %pushi/vec4 0, 0, 1;
    %store/vec4 v000002cf3a2b4bb0_0, 0, 1;
    %pushi/vec4 1, 0, 1;
    %store/vec4 v000002cf3a2b2e10_0, 0, 1;
    %jmp T_5;
    .thread T_5;
    .scope S_000002cf3a257fb0;
T_6 ;
    %wait E_000002cf3a230e80;
    %pushi/vec4 0, 0, 1;
    %store/vec4 v000002cf3a2b2e10_0, 0, 1;
    %load/vec4 v000002cf3a2b2eb0_0;
    %store/vec4 v000002cf3a25c540_0, 0, 32;
    %callf/vec4 TD_cache.DecodeUnit, S_000002cf3a2b1ba0;
    %assign/vec4 v000002cf3a2b22d0_0, 0;
    %pushi/vec4 1, 0, 1;
    %store/vec4 v000002cf3a2b2ff0_0, 0, 1;
    %jmp T_6;
    .thread T_6;
    .scope S_000002cf3a257fb0;
T_7 ;
    %wait E_000002cf3a231380;
    %fork t_9, S_000002cf3a25f0f0;
    %jmp t_8;
    .scope S_000002cf3a25f0f0;
t_9 ;
    %pushi/vec4 0, 0, 32;
    %store/vec4 v000002cf3a25f280_0, 0, 32;
T_7.0 ;
    %load/vec4 v000002cf3a25f280_0;
    %cmpi/s 4, 0, 32;
    %jmp/0xz T_7.1, 5;
    %load/vec4 v000002cf3a2b2b90_0;
    %load/vec4 v000002cf3a2b3cb0_0;
    %pad/u 8;
    %pad/u 10;
    %muli 4, 0, 10;
    %pad/u 11;
    %load/vec4 v000002cf3a25f280_0;
    %pad/s 11;
    %add;
    %ix/vec4 4;
    %load/vec4a v000002cf3a2b2f50, 4;
    %parti/s 18, 1, 2;
    %cmp/e;
    %jmp/0xz  T_7.2, 4;
    %load/vec4 v000002cf3a2b3cb0_0;
    %pad/u 8;
    %pad/u 10;
    %muli 4, 0, 10;
    %pad/u 11;
    %load/vec4 v000002cf3a25f280_0;
    %pad/s 11;
    %add;
    %ix/vec4 4;
    %load/vec4a v000002cf3a2b2f50, 4;
    %parti/s 1, 0, 2;
    %flag_set/vec4 8;
    %jmp/0xz  T_7.4, 8;
    %pushi/vec4 1, 0, 1;
    %store/vec4 v000002cf3a2b2370_0, 0, 1;
    %load/vec4 v000002cf3a25f280_0;
    %pad/s 5;
    %store/vec4 v000002cf3a2b2a50_0, 0, 5;
T_7.4 ;
T_7.2 ;
    %load/vec4 v000002cf3a2b2730_0;
    %addi 1, 0, 32;
    %store/vec4 v000002cf3a2b2730_0, 0, 32;
    ; show_stmt_assign_vector: Get l-value for compressed += operand
    %load/vec4 v000002cf3a25f280_0;
    %pushi/vec4 1, 0, 32;
    %add;
    %store/vec4 v000002cf3a25f280_0, 0, 32;
    %jmp T_7.0;
T_7.1 ;
    %end;
    .scope S_000002cf3a257fb0;
t_8 %join;
    %load/vec4 v000002cf3a2b2730_0;
    %cmpi/e 4, 0, 32;
    %jmp/0xz  T_7.6, 4;
    %pushi/vec4 1, 0, 1;
    %store/vec4 v000002cf3a2b2910_0, 0, 1;
T_7.6 ;
    %jmp T_7;
    .thread T_7;
    .scope S_000002cf3a257fb0;
T_8 ;
    %pushi/vec4 0, 0, 1;
    %store/vec4 v000002cf3a2b2550_0, 0, 1;
    %fork t_11, S_000002cf3a202720;
    %jmp t_10;
    .scope S_000002cf3a202720;
t_11 ;
    %pushi/vec4 0, 0, 32;
    %store/vec4 v000002cf3a25ba70_0, 0, 32;
T_8.0 ;
    %load/vec4 v000002cf3a25ba70_0;
    %cmpi/s 8, 0, 32;
    %jmp/0xz T_8.1, 5;
    %fork t_13, S_000002cf3a2028b0;
    %jmp t_12;
    .scope S_000002cf3a2028b0;
t_13 ;
    %pushi/vec4 0, 0, 32;
    %store/vec4 v000002cf3a259890_0, 0, 32;
T_8.2 ;
    %load/vec4 v000002cf3a259890_0;
    %cmpi/s 4, 0, 32;
    %jmp/0xz T_8.3, 5;
    %load/vec4 v000002cf3a259890_0;
    %pad/s 4;
    %load/vec4 v000002cf3a25ba70_0;
    %pad/s 35;
    %pad/s 37;
    %muli 4, 0, 37;
    %pad/s 38;
    %load/vec4 v000002cf3a259890_0;
    %pad/s 38;
    %add;
    %ix/vec4/s 4;
    %store/vec4a v000002cf3a2b2690, 4, 0;
    %load/vec4 v000002cf3a259890_0;
    %addi 1, 0, 32;
    %store/vec4 v000002cf3a259890_0, 0, 32;
    %jmp T_8.2;
T_8.3 ;
    %end;
    .scope S_000002cf3a202720;
t_12 %join;
    %load/vec4 v000002cf3a25ba70_0;
    %addi 1, 0, 32;
    %store/vec4 v000002cf3a25ba70_0, 0, 32;
    %jmp T_8.0;
T_8.1 ;
    %end;
    .scope S_000002cf3a257fb0;
t_10 %join;
    %end;
    .thread T_8;
    .scope S_000002cf3a257fb0;
T_9 ;
    %wait E_000002cf3a231480;
    %pushi/vec4 0, 0, 32;
    %store/vec4 v000002cf3a2b2730_0, 0, 32;
    %pushi/vec4 0, 0, 1;
    %store/vec4 v000002cf3a2b2910_0, 0, 1;
    %vpi_call 2 156 "$display", "Request number:", v000002cf3a2b2eb0_0 {0 0 0};
    %load/vec4 v000002cf3a2b2eb0_0;
    %addi 1, 0, 32;
    %store/vec4 v000002cf3a2b2eb0_0, 0, 32;
    %vpi_call 2 158 "$display", "Set number is ", v000002cf3a2b3cb0_0, " Hit way is ", v000002cf3a2b2a50_0, " Incoming tag is %b", v000002cf3a2b2b90_0 {0 0 0};
    %vpi_call 2 159 "$display", "hit:", v000002cf3a2b2370_0 {0 0 0};
    %pushi/vec4 0, 0, 1;
    %store/vec4 v000002cf3a2b2ff0_0, 0, 1;
    %load/vec4 v000002cf3a2b2370_0;
    %cmpi/e 1, 0, 1;
    %jmp/0xz  T_9.0, 4;
    %load/vec4 v000002cf3a2b2af0_0;
    %addi 1, 0, 32;
    %store/vec4 v000002cf3a2b2af0_0, 0, 32;
    %vpi_call 2 163 "$display", "It's a hit. Number of hits now are: %0d", v000002cf3a2b2af0_0 {0 0 0};
    %load/vec4 v000002cf3a2b3cb0_0;
    %load/vec4 v000002cf3a2b2a50_0;
    %pushi/vec4 1, 0, 1;
    %store/vec4 v000002cf3a2b2410_0, 0, 1;
    %store/vec4 v000002cf3a2b27d0_0, 0, 4;
    %store/vec4 v000002cf3a2b24b0_0, 0, 3;
    %callf/vec4 TD_cache.Replacement_Policy, S_000002cf3a2b1d30;
    %pad/u 4;
    %assign/vec4 v000002cf3a2b25f0_0, 0;
    %load/vec4 v000002cf3a2b4390_0;
    %cmpi/e 1, 0, 1;
    %jmp/0xz  T_9.2, 4;
    %vpi_call 2 167 "$display", "Data is written. Write Hit request is served" {0 0 0};
    %load/vec4 v000002cf3a2b3cb0_0;
    %pad/u 8;
    %pad/u 10;
    %muli 4, 0, 10;
    %pad/u 11;
    %load/vec4 v000002cf3a2b2a50_0;
    %pad/u 11;
    %add;
    %ix/vec4 4;
    %load/vec4a v000002cf3a2b2f50, 4;
    %vpi_call 2 168 "$display", "Cache write hit block %b", S<0,vec4,u19> {1 0 0};
    %pushi/vec4 1, 0, 1;
    %store/vec4 v000002cf3a2b2e10_0, 0, 1;
    %jmp T_9.3;
T_9.2 ;
    %load/vec4 v000002cf3a2b3cb0_0;
    %pad/u 8;
    %pad/u 10;
    %muli 4, 0, 10;
    %pad/u 11;
    %load/vec4 v000002cf3a2b2a50_0;
    %pad/u 11;
    %add;
    %ix/vec4 4;
    %load/vec4a v000002cf3a2b2f50, 4;
    %vpi_call 2 173 "$display", "Read data is %b\012Read Hit request is served", S<0,vec4,u19> {1 0 0};
    %pushi/vec4 1, 0, 1;
    %store/vec4 v000002cf3a2b2e10_0, 0, 1;
T_9.3 ;
    %pushi/vec4 0, 0, 1;
    %store/vec4 v000002cf3a2b2370_0, 0, 1;
    %jmp T_9.1;
T_9.0 ;
    %load/vec4 v000002cf3a2b2d70_0;
    %addi 1, 0, 32;
    %store/vec4 v000002cf3a2b2d70_0, 0, 32;
    %vpi_call 2 180 "$display", "Its a miss. Number of misses now are: %0d", v000002cf3a2b2d70_0 {0 0 0};
    %load/vec4 v000002cf3a2b3cb0_0;
    %load/vec4 v000002cf3a2b2a50_0;
    %pushi/vec4 0, 0, 1;
    %store/vec4 v000002cf3a2b2410_0, 0, 1;
    %store/vec4 v000002cf3a2b27d0_0, 0, 4;
    %store/vec4 v000002cf3a2b24b0_0, 0, 3;
    %callf/vec4 TD_cache.Replacement_Policy, S_000002cf3a2b1d30;
    %pad/u 4;
    %assign/vec4 v000002cf3a2b25f0_0, 0;
    %vpi_call 2 182 "$display", "block to be replaced: ", v000002cf3a2b3c10_0 {0 0 0};
    %pushi/vec4 1, 0, 1;
    %load/vec4 v000002cf3a2b3cb0_0;
    %pad/u 8;
    %pad/u 10;
    %muli 4, 0, 10;
    %pad/u 11;
    %load/vec4 v000002cf3a2b3c10_0;
    %pad/u 11;
    %add;
    %ix/vec4 4;
    %flag_mov 8, 4;
    %ix/load 5, 0, 0;
    %flag_set/imm 4, 0;
    %flag_or 4, 8;
    %store/vec4a v000002cf3a2b2f50, 4, 5;
    %load/vec4 v000002cf3a2b2b90_0;
    %load/vec4 v000002cf3a2b3cb0_0;
    %pad/u 8;
    %pad/u 10;
    %muli 4, 0, 10;
    %pad/u 11;
    %load/vec4 v000002cf3a2b3c10_0;
    %pad/u 11;
    %add;
    %ix/vec4 4;
    %flag_mov 8, 4;
    %ix/load 5, 1, 0;
    %flag_set/imm 4, 0;
    %flag_or 4, 8;
    %store/vec4a v000002cf3a2b2f50, 4, 5;
    %vpi_call 2 186 "$display", "Set number: ", v000002cf3a2b3cb0_0, " block to be replaced: ", v000002cf3a2b3c10_0, " tag", v000002cf3a2b2b90_0 {0 0 0};
    %load/vec4 v000002cf3a2b3cb0_0;
    %pad/u 8;
    %pad/u 10;
    %muli 4, 0, 10;
    %pad/u 11;
    %load/vec4 v000002cf3a2b3c10_0;
    %pad/u 11;
    %add;
    %ix/vec4 4;
    %load/vec4a v000002cf3a2b2f50, 4;
    %vpi_call 2 187 "$display", "Cache miss block %b", S<0,vec4,u19> {1 0 0};
    %load/vec4 v000002cf3a2b4390_0;
    %cmpi/e 1, 0, 1;
    %jmp/0xz  T_9.4, 4;
    %load/vec4 v000002cf3a2b3cb0_0;
    %pad/u 8;
    %pad/u 10;
    %muli 4, 0, 10;
    %pad/u 11;
    %load/vec4 v000002cf3a2b3c10_0;
    %pad/u 11;
    %add;
    %ix/vec4 4;
    %load/vec4a v000002cf3a2b2f50, 4;
    %vpi_call 2 190 "$display", "Write Miss request is served %b", S<0,vec4,u19> {1 0 0};
    %pushi/vec4 1, 0, 1;
    %store/vec4 v000002cf3a2b2e10_0, 0, 1;
    %jmp T_9.5;
T_9.4 ;
    %vpi_call 2 195 "$display", "Read Miss request is served" {0 0 0};
    %pushi/vec4 1, 0, 1;
    %store/vec4 v000002cf3a2b2e10_0, 0, 1;
T_9.5 ;
T_9.1 ;
    %load/vec4 v000002cf3a2b2eb0_0;
    %cmpi/e 9075, 0, 32;
    %jmp/0xz  T_9.6, 4;
    %vpi_call 2 201 "$finish" {0 0 0};
T_9.6 ;
    %jmp T_9;
    .thread T_9;
# The file index is used to find the file name in the following table.
:file_names 3;
    "N/A";
    "<interactive>";
    "finalcode.v";
